<?xml version="1.0" encoding="utf-8"?><testsuites><testsuite errors="0" failures="0" hostname="DESKTOP-BECLFIT" name="pytest" skipped="0" tests="4" time="4.006" timestamp="2020-07-26T10:12:48.185759"><testcase classname="test_submit" file="test_submit.py" line="3" name="test_q1" time="0.088"></testcase><testcase classname="test_submit" file="test_submit.py" line="8" name="test_q2" time="0.039"></testcase><testcase classname="test_submit" file="test_submit.py" line="13" name="test_q3" time="0.037"></testcase><testcase classname="test_submit" file="test_submit.py" line="18" name="test_q4" time="0.305"></testcase></testsuite></testsuites>