<?xml version="1.0" encoding="utf-8"?><testsuites><testsuite errors="0" failures="0" hostname="DESKTOP-BECLFIT" name="pytest" skipped="0" tests="5" time="2.043" timestamp="2020-07-07T17:57:26.597079"><testcase classname="test_submit" file="test_submit.py" line="3" name="test_q1" time="0.013"></testcase><testcase classname="test_submit" file="test_submit.py" line="9" name="test_q2" time="0.002"></testcase><testcase classname="test_submit" file="test_submit.py" line="15" name="test_q3" time="0.002"></testcase><testcase classname="test_submit" file="test_submit.py" line="21" name="test_q4" time="0.016"></testcase><testcase classname="test_submit" file="test_submit.py" line="27" name="test_q5" time="0.015"></testcase></testsuite></testsuites>